<?xml version="1.0" encoding="UTF-8"?>
<!-- Generated by org.testng.reporters.JUnitReportReporter -->
<testsuite hostname="DESKTOP-HR4HVE7" failures="0" tests="1" name="com.e2e.testcases.FirstTest" time="21.617" errors="0" timestamp="2022-04-13T21:35:26 IST" skipped="0">
  <testcase classname="com.e2e.testcases.FirstTest" name="tapAction" time="21.617"/>
  <system-out/>
</testsuite> <!-- com.e2e.testcases.FirstTest -->
