<?xml version="1.0" encoding="UTF-8"?>
<!-- Generated by org.testng.reporters.JUnitReportReporter -->
<testsuite hostname="DESKTOP-J1R7SKA" name="com.e2e.testcases.FirstTest" tests="1" failures="0" timestamp="1 Mar 2022 17:49:07 GMT" time="30.052" errors="0">
  <testcase name="tapAction" time="30.052" classname="com.e2e.testcases.FirstTest"/>
</testsuite> <!-- com.e2e.testcases.FirstTest -->
