<?xml version="1.0" encoding="UTF-8"?>
<!-- Generated by org.testng.reporters.JUnitReportReporter -->
<testsuite hostname="DESKTOP-J1R7SKA" name="com.e2e.testcases.FirstTest" tests="1" failures="0" timestamp="10 Mar 2022 17:30:34 GMT" time="74.489" errors="0">
  <testcase name="tapAction" time="74.489" classname="com.e2e.testcases.FirstTest"/>
</testsuite> <!-- com.e2e.testcases.FirstTest -->
