<?xml version="1.0" encoding="UTF-8"?>
<!-- Generated by org.testng.reporters.JUnitReportReporter -->
<testsuite hostname="DESKTOP-J1R7SKA" name="com.e2e.testcases.FirstTest" tests="1" failures="0" timestamp="22 Feb 2022 03:31:17 GMT" time="19.902" errors="0">
  <testcase name="clickAction" time="19.902" classname="com.e2e.testcases.FirstTest"/>
</testsuite> <!-- com.e2e.testcases.FirstTest -->
